2022-11-20 11:16:26,603 INFO Starting Nacos v1.4.3 on DESKTOP-8NSMUVB with PID 15572 (D:\学习\IDEA\代码\cloud\nacos\target\nacos-server.jar started by 1 in D:\学习\IDEA\代码\cloud)

2022-11-20 11:16:26,605 INFO The following profiles are active: standalone

2022-11-20 11:16:32,320 INFO Bean 'org.springframework.security.access.expression.method.DefaultMethodSecurityExpressionHandler@1991f767' of type [org.springframework.security.access.expression.method.DefaultMethodSecurityExpressionHandler] is not eligible for getting processed by all BeanPostProcessors (for example: not eligible for auto-proxying)

2022-11-20 11:16:32,326 INFO Bean 'methodSecurityMetadataSource' of type [org.springframework.security.access.method.DelegatingMethodSecurityMetadataSource] is not eligible for getting processed by all BeanPostProcessors (for example: not eligible for auto-proxying)

2022-11-20 11:16:33,016 INFO Tomcat initialized with port(s): 8848 (http)

2022-11-20 11:16:33,059 INFO Starting service [Tomcat]

2022-11-20 11:16:33,059 INFO Starting Servlet engine: [Apache Tomcat/9.0.38]

2022-11-20 11:16:33,585 INFO At least one JAR was scanned for TLDs yet contained no TLDs. Enable debug logging for this logger for a complete list of JARs that were scanned but no TLDs were found in them. Skipping unneeded JARs during scanning can improve startup time and JSP compilation time.

2022-11-20 11:16:33,647 INFO Initializing Spring embedded WebApplicationContext

2022-11-20 11:16:33,647 INFO Root WebApplicationContext: initialization completed in 6995 ms

2022-11-20 11:16:34,123 INFO HikariPool-1 - Starting...

2022-11-20 11:16:34,756 INFO HikariPool-1 - Start completed.

2022-11-20 11:16:35,212 INFO Nacos-related cluster resource initialization

2022-11-20 11:16:35,226 INFO The cluster resource is initialized

2022-11-20 11:16:36,177 INFO Reflections took 54 ms to scan 1 urls, producing 4 keys and 6 values 

2022-11-20 11:16:36,218 INFO Reflections took 9 ms to scan 1 urls, producing 6 keys and 26 values 

2022-11-20 11:16:36,238 INFO Reflections took 7 ms to scan 1 urls, producing 3 keys and 15 values 

2022-11-20 11:16:36,252 INFO Reflections took 4 ms to scan 1 urls, producing 2 keys and 12 values 

2022-11-20 11:16:37,259 INFO Initializing ExecutorService 'applicationTaskExecutor'

2022-11-20 11:16:37,410 INFO Adding welcome page: class path resource [static/index.html]

2022-11-20 11:16:37,808 INFO Creating filter chain: Ant [pattern='/**'], []

2022-11-20 11:16:37,840 INFO Creating filter chain: any request, [org.springframework.security.web.context.request.async.WebAsyncManagerIntegrationFilter@3679d92e, org.springframework.security.web.context.SecurityContextPersistenceFilter@68ed3f30, org.springframework.security.web.header.HeaderWriterFilter@3ebe4ccc, org.springframework.security.web.csrf.CsrfFilter@4b4ee511, org.springframework.security.web.authentication.logout.LogoutFilter@1e3e1014, org.springframework.security.web.savedrequest.RequestCacheAwareFilter@590adb41, org.springframework.security.web.servletapi.SecurityContextHolderAwareRequestFilter@58015e56, org.springframework.security.web.authentication.AnonymousAuthenticationFilter@47b11ec7, org.springframework.security.web.session.SessionManagementFilter@3d19d85, org.springframework.security.web.access.ExceptionTranslationFilter@141d3d43]

2022-11-20 11:16:37,933 INFO Initializing ExecutorService 'taskScheduler'

2022-11-20 11:16:37,962 INFO Exposing 2 endpoint(s) beneath base path '/actuator'

2022-11-20 11:16:38,093 INFO Tomcat started on port(s): 8848 (http) with context path '/nacos'

2022-11-20 11:16:38,098 INFO Started Nacos in 14.047 seconds (JVM running for 15.212)

2022-11-20 11:16:38,098 INFO Nacos started successfully in stand alone mode. use external storage

2022-11-20 11:16:52,902 INFO Initializing Spring DispatcherServlet 'dispatcherServlet'

2022-11-20 11:16:52,902 INFO Initializing Servlet 'dispatcherServlet'

2022-11-20 11:16:52,920 INFO Completed initialization in 17 ms

2022-11-20 11:26:36,520 INFO [capacityManagement] start correct usage

2022-11-20 11:26:36,648 INFO [capacityManagement] end correct usage, cost: 0s

2022-11-20 11:26:36,797 WARN clearConfigHistory start

2022-11-20 11:36:36,654 INFO [capacityManagement] start correct usage

2022-11-20 11:36:36,748 INFO [capacityManagement] end correct usage, cost: 0s

2022-11-20 11:36:36,823 WARN clearConfigHistory start

2022-11-20 11:46:36,751 INFO [capacityManagement] start correct usage

2022-11-20 11:46:36,845 WARN clearConfigHistory start

2022-11-20 11:46:36,860 INFO [capacityManagement] end correct usage, cost: 0s

2022-11-20 11:56:36,857 INFO [capacityManagement] start correct usage

2022-11-20 11:56:36,921 WARN clearConfigHistory start

2022-11-20 11:56:36,981 INFO [capacityManagement] end correct usage, cost: 0s

