2022-11-19 16:50:48,811 INFO Current addressing mode selection : StandaloneMemberLookup

2022-11-19 16:50:48,838 WARN [serverlist] updated to : [Member{ip='192.168.137.1', port=8848, state=UP, extendInfo={raftPort=7848}}]

2022-11-19 16:50:51,371 INFO This node is ready to provide external services

2022-11-19 16:59:14,014 INFO Current addressing mode selection : StandaloneMemberLookup

2022-11-19 16:59:14,021 WARN [serverlist] updated to : [Member{ip='192.168.137.1', port=8848, state=UP, extendInfo={raftPort=7848}}]

2022-11-19 16:59:16,608 INFO This node is ready to provide external services

2022-11-20 17:27:42,953 INFO Current addressing mode selection : StandaloneMemberLookup

2022-11-20 17:27:42,958 WARN [serverlist] updated to : [Member{ip='10.86.89.104', port=8848, state=UP, extendInfo={raftPort=7848}}]

2022-11-20 17:27:48,311 INFO This node is ready to provide external services

2022-11-20 17:39:48,159 INFO Current addressing mode selection : StandaloneMemberLookup

2022-11-20 17:39:48,169 WARN [serverlist] updated to : [Member{ip='10.86.89.104', port=8848, state=UP, extendInfo={raftPort=7848}}]

2022-11-20 17:39:53,141 INFO This node is ready to provide external services

2022-11-20 17:55:28,941 INFO Current addressing mode selection : StandaloneMemberLookup

2022-11-20 17:55:28,948 WARN [serverlist] updated to : [Member{ip='10.86.89.104', port=8848, state=UP, extendInfo={raftPort=7848}}]

2022-11-20 17:55:33,058 INFO This node is ready to provide external services

2022-11-20 18:10:17,232 INFO Current addressing mode selection : StandaloneMemberLookup

2022-11-20 18:10:17,237 WARN [serverlist] updated to : [Member{ip='10.86.89.104', port=8848, state=UP, extendInfo={raftPort=7848}}]

2022-11-20 18:10:21,714 INFO This node is ready to provide external services

2022-11-20 18:43:35,961 INFO Current addressing mode selection : AddressServerMemberLookup

2022-11-20 18:43:47,044 ERROR [serverlist] exception, error : caused: jmenv.tbsite.net;

2022-11-20 18:43:47,047 ERROR [serverlist] exception, error : caused: jmenv.tbsite.net;

2022-11-20 18:43:47,054 ERROR [serverlist] exception, error : caused: jmenv.tbsite.net;

2022-11-20 18:43:47,055 ERROR [serverlist] exception, error : caused: jmenv.tbsite.net;

2022-11-20 18:43:47,055 ERROR [serverlist] exception, error : caused: jmenv.tbsite.net;

2022-11-20 18:44:27,954 INFO Current addressing mode selection : AddressServerMemberLookup

2022-11-20 18:44:39,043 ERROR [serverlist] exception, error : caused: jmenv.tbsite.net;

2022-11-20 18:44:39,044 ERROR [serverlist] exception, error : caused: jmenv.tbsite.net;

2022-11-20 18:44:39,044 ERROR [serverlist] exception, error : caused: jmenv.tbsite.net;

2022-11-20 18:44:39,044 ERROR [serverlist] exception, error : caused: jmenv.tbsite.net;

2022-11-20 18:44:39,045 ERROR [serverlist] exception, error : caused: jmenv.tbsite.net;

