2022-11-19 16:51:20,262 INFO PERFORMANCE:|0|0|-1|-1

2022-11-19 16:59:45,607 INFO PERFORMANCE:|1|1|-1|-1

2022-11-19 17:04:45,620 INFO PERFORMANCE:|2|2|-1|-1

2022-11-19 17:09:45,684 INFO PERFORMANCE:|2|2|-1|-1

2022-11-19 17:14:45,687 INFO PERFORMANCE:|2|2|-1|-1

2022-11-19 17:19:45,694 INFO PERFORMANCE:|2|2|-1|-1

2022-11-19 17:24:45,715 INFO PERFORMANCE:|2|2|-1|-1

2022-11-19 17:29:45,720 INFO PERFORMANCE:|0|0|-1|-1

2022-11-19 17:34:45,732 INFO PERFORMANCE:|0|0|-1|-1

2022-11-19 17:39:45,734 INFO PERFORMANCE:|0|0|-1|-1

2022-11-19 17:44:45,749 INFO PERFORMANCE:|2|2|-1|-1

2022-11-19 17:49:45,756 INFO PERFORMANCE:|2|2|-1|-1

2022-11-19 17:54:45,799 INFO PERFORMANCE:|2|2|-1|-1

2022-11-19 17:59:45,813 INFO PERFORMANCE:|2|2|-1|-1

2022-11-19 18:04:45,825 INFO PERFORMANCE:|2|2|-1|-1

2022-11-19 18:09:45,825 INFO PERFORMANCE:|3|3|-1|-1

2022-11-20 17:28:15,781 INFO PERFORMANCE:|1|1|-1|-1

2022-11-20 17:40:20,329 INFO PERFORMANCE:|1|1|11|11

2022-11-20 17:45:20,337 INFO PERFORMANCE:|4|0|-1|-1

2022-11-20 17:50:20,347 INFO PERFORMANCE:|0|0|-1|-1

2022-11-20 17:56:01,410 INFO PERFORMANCE:|0|0|-1|-1

2022-11-20 18:10:49,660 INFO PERFORMANCE:|1|1|-1|-1

